{
  "RSpec": {
    "coverage": {
      "/Users/davekempsell/Projects/Makers-BnB/spec/Features/spaces_page_spec.rb": {
        "lines": [
          1,
          1,
          1,
          1,
          1,
          1,
          1,
          1,
          1,
          null,
          null,
          1,
          1,
          1,
          1,
          1,
          1,
          1,
          1,
          1,
          null,
          null,
          null,
          null,
          null
        ]
      }
    },
    "timestamp": 1655227005
  }
}
